2025-09-04 13:11:58 - CryptoSystem - INFO - Sistema de logging inicializado
2025-09-04 13:11:58 - CryptoSystem - INFO - Arquivo de log: logs\crypto_system_20250904.log
2025-09-04 13:11:58 - CryptoSystem - INFO - Iniciando sistema de criptografia de arquivos
2025-09-04 13:14:20 - CryptoSystem - INFO - Arquivo criptografado: D:\backup_arquivos\backup_arquivos\main.py -> D:\backup_arquivos\backup_arquivos\encrypted_backup_20250904_131420\main.py.encrypted
2025-09-04 13:14:20 - CryptoSystem - INFO - Arquivo criptografado: D:\backup_arquivos\backup_arquivos\requirements.txt -> D:\backup_arquivos\backup_arquivos\encrypted_backup_20250904_131420\requirements.txt.encrypted
2025-09-04 13:14:20 - CryptoSystem - INFO - Arquivo criptografado: D:\backup_arquivos\backup_arquivos\setup.py -> D:\backup_arquivos\backup_arquivos\encrypted_backup_20250904_131420\setup.py.encrypted
2025-09-04 13:14:45 - CryptoSystem - INFO - Sistema de logging inicializado
2025-09-04 13:14:45 - CryptoSystem - INFO - Arquivo de log: logs\crypto_system_20250904.log
2025-09-04 13:14:45 - CryptoSystem - INFO - Iniciando sistema de criptografia de arquivos
2025-09-04 13:16:16 - CryptoSystem - INFO - Arquivo criptografado: main.py -> D:\backup_arquivos\backup_arquivos\encrypted_backup_20250904_131616\main.py.encrypted
2025-09-04 13:16:16 - CryptoSystem - INFO - Arquivo criptografado: requirements.txt -> D:\backup_arquivos\backup_arquivos\encrypted_backup_20250904_131616\requirements.txt.encrypted
2025-09-04 13:16:16 - CryptoSystem - INFO - Arquivo criptografado: setup.py -> D:\backup_arquivos\backup_arquivos\encrypted_backup_20250904_131616\setup.py.encrypted
2025-09-04 13:16:25 - CryptoSystem - INFO - Sistema de logging inicializado
2025-09-04 13:16:25 - CryptoSystem - INFO - Arquivo de log: logs\crypto_system_20250904.log
2025-09-04 13:16:25 - CryptoSystem - INFO - Iniciando sistema de criptografia de arquivos
2025-09-04 13:17:13 - CryptoSystem - ERROR - Erro ao descriptografar encrypted_backup_20250904_131616\main.py.encrypted: Erro durante descriptografia: Invalid padding bytes.
2025-09-04 13:17:13 - CryptoSystem - ERROR - Erro ao descriptografar encrypted_backup_20250904_131616\requirements.txt.encrypted: Erro durante descriptografia: Invalid padding bytes.
2025-09-04 13:17:13 - CryptoSystem - ERROR - Erro ao descriptografar encrypted_backup_20250904_131616\setup.py.encrypted: Erro durante descriptografia: Invalid padding bytes.
2025-09-04 13:18:29 - CryptoSystem - INFO - Sistema de logging inicializado
2025-09-04 13:18:29 - CryptoSystem - INFO - Arquivo de log: logs\crypto_system_20250904.log
2025-09-04 13:18:29 - CryptoSystem - INFO - Iniciando sistema de criptografia de arquivos
2025-09-04 13:18:54 - CryptoSystem - INFO - Arquivo criptografado: sample_files\config.json -> D:\backup_arquivos\backup_arquivos\encrypted_backup_20250904_131854\config.json.encrypted
2025-09-04 13:18:54 - CryptoSystem - INFO - Arquivo criptografado: sample_files\exemplo.txt -> D:\backup_arquivos\backup_arquivos\encrypted_backup_20250904_131854\exemplo.txt.encrypted
